[14-Mar-2024 16:28:47 UTC] PHP Deprecated:  Hook http_api_transports is deprecated since version 6.4.0 with no alternative available. in /wordpress/wp-includes/functions.php on line 140
[14-Mar-2024 16:28:48 UTC] PHP Deprecated:  Hook http_api_transports is deprecated since version 6.4.0 with no alternative available. in /wordpress/wp-includes/functions.php on line 140
[14-Mar-2024 16:28:49 UTC] PHP Notice: A feed could not be found at `https://wordpress.org/news/feed/`; the status code is `400` and content-type is `text/plain` in /wordpress/wp-includes/class-simplepie.php on line 2
[14-Mar-2024 16:28:49 UTC] PHP Notice: A feed could not be found at `https://planet.wordpress.org/feed/`; the status code is `400` and content-type is `text/plain` in /wordpress/wp-includes/class-simplepie.php on line 2
[14-Mar-2024 16:28:51 UTC] PHP Deprecated:  Hook http_api_transports is deprecated since version 6.4.0 with no alternative available. in /wordpress/wp-includes/functions.php on line 140
[14-Mar-2024 16:28:56 UTC] PHP Deprecated:  Hook http_api_transports is deprecated since version 6.4.0 with no alternative available. in /wordpress/wp-includes/functions.php on line 140
[14-Mar-2024 16:28:57 UTC] PHP Deprecated:  Hook http_api_transports is deprecated since version 6.4.0 with no alternative available. in /wordpress/wp-includes/functions.php on line 140
[14-Mar-2024 16:29:25 UTC] PHP Deprecated:  Hook http_api_transports is deprecated since version 6.4.0 with no alternative available. in /wordpress/wp-includes/functions.php on line 140
[14-Mar-2024 16:29:27 UTC] PHP Warning:  Undefined property: WP_Ajax_Upgrader_Skin::$api in /wordpress/wp-admin/includes/class-theme-upgrader.php on line 2
[14-Mar-2024 16:29:28 UTC] PHP Deprecated:  Hook http_api_transports is deprecated since version 6.4.0 with no alternative available. in /wordpress/wp-includes/functions.php on line 140
[14-Mar-2024 16:29:33 UTC] PHP Deprecated:  Hook http_api_transports is deprecated since version 6.4.0 with no alternative available. in /wordpress/wp-includes/functions.php on line 140
[14-Mar-2024 16:29:50 UTC] PHP Warning:  file_get_contents(/wordpress/wp-includes/css/classic-themes.min.css): Failed to open stream: No such file or directory in /wordpress/wp-includes/script-loader.php on line 14
[14-Mar-2024 16:30:16 UTC] PHP Deprecated:  Hook http_api_transports is deprecated since version 6.4.0 with no alternative available. in /wordpress/wp-includes/functions.php on line 140
[14-Mar-2024 16:30:20 UTC] PHP Deprecated:  Hook http_api_transports is deprecated since version 6.4.0 with no alternative available. in /wordpress/wp-includes/functions.php on line 140
[14-Mar-2024 16:31:09 UTC] PHP Warning:  file_get_contents(/wordpress/wp-includes/css/classic-themes.min.css): Failed to open stream: No such file or directory in /wordpress/wp-includes/script-loader.php on line 14
[14-Mar-2024 16:34:15 UTC] PHP Warning:  file_get_contents(/wordpress/wp-includes/css/classic-themes.min.css): Failed to open stream: No such file or directory in /wordpress/wp-includes/script-loader.php on line 14
[14-Mar-2024 16:34:52 UTC] PHP Deprecated:  Hook http_api_transports is deprecated since version 6.4.0 with no alternative available. in /wordpress/wp-includes/functions.php on line 140
[14-Mar-2024 16:34:56 UTC] PHP Deprecated:  Hook http_api_transports is deprecated since version 6.4.0 with no alternative available. in /wordpress/wp-includes/functions.php on line 140
[14-Mar-2024 16:35:01 UTC] PHP Deprecated:  Hook http_api_transports is deprecated since version 6.4.0 with no alternative available. in /wordpress/wp-includes/functions.php on line 140
[14-Mar-2024 16:35:22 UTC] PHP Deprecated:  Hook http_api_transports is deprecated since version 6.4.0 with no alternative available. in /wordpress/wp-includes/functions.php on line 140
[14-Mar-2024 16:35:24 UTC] PHP Deprecated:  Hook http_api_transports is deprecated since version 6.4.0 with no alternative available. in /wordpress/wp-includes/functions.php on line 140
[14-Mar-2024 16:35:30 UTC] PHP Deprecated:  Hook http_api_transports is deprecated since version 6.4.0 with no alternative available. in /wordpress/wp-includes/functions.php on line 140
[14-Mar-2024 16:35:33 UTC] PHP Warning:  file_get_contents(/wordpress/wp-includes/css/classic-themes.min.css): Failed to open stream: No such file or directory in /wordpress/wp-includes/script-loader.php on line 14
[14-Mar-2024 16:35:35 UTC] PHP Deprecated:  Hook http_api_transports is deprecated since version 6.4.0 with no alternative available. in /wordpress/wp-includes/functions.php on line 140
[19-Mar-2024 16:33:57 UTC] PHP Deprecated:  Hook http_api_transports is deprecated since version 6.4.0 with no alternative available. in /wordpress/wp-includes/functions.php on line 140
[19-Mar-2024 16:34:15 UTC] PHP Warning:  file_get_contents(/wordpress/wp-includes/css/classic-themes.min.css): Failed to open stream: No such file or directory in /wordpress/wp-includes/script-loader.php on line 14
[19-Mar-2024 16:34:19 UTC] PHP Deprecated:  Hook http_api_transports is deprecated since version 6.4.0 with no alternative available. in /wordpress/wp-includes/functions.php on line 140
[19-Mar-2024 16:39:27 UTC] PHP Fatal error:  Uncaught Error: [] operator not supported for strings in /wordpress/wp-content/plugins/ecommerce-product-catalog/includes/settings/tooltips.php:218
Stack trace:
#0 /wordpress/wp-includes/class-wp-hook.php(3): implecode_ajax_wp_tooltip_hide('')
#1 /wordpress/wp-includes/class-wp-hook.php(3): WP_Hook->apply_filters('', Array)
#2 /wordpress/wp-includes/plugin.php(2): WP_Hook->do_action(Array)
#3 /wordpress/wp-admin/admin-ajax.php(2): do_action('wp_ajax_impleco...')
#4 {main}
  thrown in /wordpress/wp-content/plugins/ecommerce-product-catalog/includes/settings/tooltips.php on line 218
[19-Mar-2024 16:40:59 UTC] PHP Warning:  file_get_contents(/wordpress/wp-includes/css/classic-themes.min.css): Failed to open stream: No such file or directory in /wordpress/wp-includes/script-loader.php on line 14
[19-Mar-2024 16:41:33 UTC] PHP Warning:  file_get_contents(/wordpress/wp-includes/css/classic-themes.min.css): Failed to open stream: No such file or directory in /wordpress/wp-includes/script-loader.php on line 14
[19-Mar-2024 16:41:44 UTC] PHP Warning:  file_get_contents(/wordpress/wp-includes/css/classic-themes.min.css): Failed to open stream: No such file or directory in /wordpress/wp-includes/script-loader.php on line 14
[19-Mar-2024 16:42:19 UTC] PHP Deprecated:  Hook http_api_transports is deprecated since version 6.4.0 with no alternative available. in /wordpress/wp-includes/functions.php on line 140
[19-Mar-2024 16:42:45 UTC] PHP Warning:  file_get_contents(/wordpress/wp-includes/css/classic-themes.min.css): Failed to open stream: No such file or directory in /wordpress/wp-includes/script-loader.php on line 14
[19-Mar-2024 16:43:57 UTC] PHP Warning:  file_get_contents(/wordpress/wp-includes/css/classic-themes.min.css): Failed to open stream: No such file or directory in /wordpress/wp-includes/script-loader.php on line 14
[19-Mar-2024 16:44:03 UTC] PHP Warning:  file_get_contents(/wordpress/wp-includes/css/classic-themes.min.css): Failed to open stream: No such file or directory in /wordpress/wp-includes/script-loader.php on line 14
[19-Mar-2024 16:44:50 UTC] PHP Warning:  file_get_contents(/wordpress/wp-includes/css/classic-themes.min.css): Failed to open stream: No such file or directory in /wordpress/wp-includes/script-loader.php on line 14
[19-Mar-2024 16:44:57 UTC] PHP Warning:  file_get_contents(/wordpress/wp-includes/css/classic-themes.min.css): Failed to open stream: No such file or directory in /wordpress/wp-includes/script-loader.php on line 14
[19-Mar-2024 16:45:11 UTC] PHP Warning:  file_get_contents(/wordpress/wp-includes/css/classic-themes.min.css): Failed to open stream: No such file or directory in /wordpress/wp-includes/script-loader.php on line 14
[19-Mar-2024 16:45:14 UTC] PHP Warning:  file_get_contents(/wordpress/wp-includes/css/classic-themes.min.css): Failed to open stream: No such file or directory in /wordpress/wp-includes/script-loader.php on line 14
[19-Mar-2024 16:45:20 UTC] PHP Warning:  file_get_contents(/wordpress/wp-includes/css/classic-themes.min.css): Failed to open stream: No such file or directory in /wordpress/wp-includes/script-loader.php on line 14
[19-Mar-2024 16:45:26 UTC] PHP Warning:  file_get_contents(/wordpress/wp-includes/css/classic-themes.min.css): Failed to open stream: No such file or directory in /wordpress/wp-includes/script-loader.php on line 14
[19-Mar-2024 16:45:30 UTC] PHP Warning:  file_get_contents(/wordpress/wp-includes/css/classic-themes.min.css): Failed to open stream: No such file or directory in /wordpress/wp-includes/script-loader.php on line 14
[19-Mar-2024 16:45:35 UTC] PHP Warning:  file_get_contents(/wordpress/wp-includes/css/classic-themes.min.css): Failed to open stream: No such file or directory in /wordpress/wp-includes/script-loader.php on line 14
[19-Mar-2024 16:45:38 UTC] PHP Warning:  file_get_contents(/wordpress/wp-includes/css/classic-themes.min.css): Failed to open stream: No such file or directory in /wordpress/wp-includes/script-loader.php on line 14
[19-Mar-2024 16:45:43 UTC] PHP Warning:  file_get_contents(/wordpress/wp-includes/css/classic-themes.min.css): Failed to open stream: No such file or directory in /wordpress/wp-includes/script-loader.php on line 14
[19-Mar-2024 16:45:46 UTC] PHP Warning:  file_get_contents(/wordpress/wp-includes/css/classic-themes.min.css): Failed to open stream: No such file or directory in /wordpress/wp-includes/script-loader.php on line 14
[19-Mar-2024 16:46:27 UTC] PHP Warning:  file_get_contents(/wordpress/wp-includes/css/classic-themes.min.css): Failed to open stream: No such file or directory in /wordpress/wp-includes/script-loader.php on line 14
[19-Mar-2024 16:46:30 UTC] PHP Warning:  file_get_contents(/wordpress/wp-includes/css/classic-themes.min.css): Failed to open stream: No such file or directory in /wordpress/wp-includes/script-loader.php on line 14
[19-Mar-2024 16:47:08 UTC] PHP Warning:  file_get_contents(/wordpress/wp-includes/css/classic-themes.min.css): Failed to open stream: No such file or directory in /wordpress/wp-includes/script-loader.php on line 14
[19-Mar-2024 16:47:09 UTC] PHP Fatal error:  Out of memory (allocated 29360128) (tried to allocate 2097152 bytes) in /wordpress/wp-content/plugins/ecommerce-product-catalog/includes/ic_session.php on line 53
[19-Mar-2024 16:47:10 UTC] PHP Fatal error:  Out of memory (allocated 27262976) (tried to allocate 2097152 bytes) in /wordpress/wp-content/plugins/ecommerce-product-catalog/modules/shipping/shipping-functions.php on line 59
[19-Mar-2024 16:47:14 UTC] PHP Fatal error:  Out of memory (allocated 27262976) (tried to allocate 2097152 bytes) in /wordpress/wp-content/plugins/ecommerce-product-catalog/includes/ic_session.php on line 88
[19-Mar-2024 16:47:17 UTC] PHP Fatal error:  Out of memory (allocated 25165824) (tried to allocate 2097152 bytes) in /wordpress/wp-content/plugins/ecommerce-product-catalog/includes/ic_session.php on line 53
[19-Mar-2024 16:47:17 UTC] PHP Fatal error:  Out of memory (allocated 25165824) (tried to allocate 2097152 bytes) in /wordpress/wp-content/plugins/ecommerce-product-catalog/modules/shipping/shipping-functions.php on line 59
[19-Mar-2024 16:47:21 UTC] PHP Fatal error:  Out of memory (allocated 25165824) (tried to allocate 2097152 bytes) in /wordpress/wp-content/plugins/ecommerce-product-catalog/modules/shipping/shipping-settings.php on line 123
[19-Mar-2024 16:47:21 UTC] PHP Fatal error:  Out of memory (allocated 25165824) (tried to allocate 2097152 bytes) in /wordpress/wp-content/plugins/ecommerce-product-catalog/modules/shipping/shipping-functions.php on line 59
[19-Mar-2024 16:47:22 UTC] PHP Fatal error:  Out of memory (allocated 25165824) (tried to allocate 2097152 bytes) in /wordpress/wp-content/plugins/ecommerce-product-catalog/modules/shipping/shipping-settings.php on line 123
[19-Mar-2024 16:50:01 UTC] PHP Deprecated:  Hook http_api_transports is deprecated since version 6.4.0 with no alternative available. in /wordpress/wp-includes/functions.php on line 140
[19-Mar-2024 16:50:05 UTC] PHP Deprecated:  Hook http_api_transports is deprecated since version 6.4.0 with no alternative available. in /wordpress/wp-includes/functions.php on line 140
[19-Mar-2024 16:50:12 UTC] PHP Deprecated:  Hook http_api_transports is deprecated since version 6.4.0 with no alternative available. in /wordpress/wp-includes/functions.php on line 140
[19-Mar-2024 16:50:18 UTC] PHP Deprecated:  Hook http_api_transports is deprecated since version 6.4.0 with no alternative available. in /wordpress/wp-includes/functions.php on line 140
[19-Mar-2024 16:50:33 UTC] PHP Deprecated:  Hook http_api_transports is deprecated since version 6.4.0 with no alternative available. in /wordpress/wp-includes/functions.php on line 140
[19-Mar-2024 16:50:36 UTC] PHP Deprecated:  Hook http_api_transports is deprecated since version 6.4.0 with no alternative available. in /wordpress/wp-includes/functions.php on line 140
[19-Mar-2024 16:50:47 UTC] PHP Deprecated:  Hook http_api_transports is deprecated since version 6.4.0 with no alternative available. in /wordpress/wp-includes/functions.php on line 140
[19-Mar-2024 16:50:47 UTC] PHP Deprecated:  Hook http_api_transports is deprecated since version 6.4.0 with no alternative available. in /wordpress/wp-includes/functions.php on line 140
[19-Mar-2024 16:50:53 UTC] PHP Deprecated:  Hook http_api_transports is deprecated since version 6.4.0 with no alternative available. in /wordpress/wp-includes/functions.php on line 140
[19-Mar-2024 16:50:54 UTC] PHP Deprecated:  Hook http_api_transports is deprecated since version 6.4.0 with no alternative available. in /wordpress/wp-includes/functions.php on line 140
[19-Mar-2024 16:50:58 UTC] PHP Deprecated:  Hook http_api_transports is deprecated since version 6.4.0 with no alternative available. in /wordpress/wp-includes/functions.php on line 140
[19-Mar-2024 16:51:33 UTC] PHP Deprecated:  Hook http_api_transports is deprecated since version 6.4.0 with no alternative available. in /wordpress/wp-includes/functions.php on line 140
[19-Mar-2024 16:53:47 UTC] PHP Warning:  file_get_contents(/wordpress/wp-includes/css/classic-themes.min.css): Failed to open stream: No such file or directory in /wordpress/wp-includes/script-loader.php on line 14
[19-Mar-2024 16:53:53 UTC] PHP Warning:  file_get_contents(/wordpress/wp-includes/css/classic-themes.min.css): Failed to open stream: No such file or directory in /wordpress/wp-includes/script-loader.php on line 14
[19-Mar-2024 16:58:39 UTC] PHP Warning:  file_get_contents(/wordpress/wp-includes/css/classic-themes.min.css): Failed to open stream: No such file or directory in /wordpress/wp-includes/script-loader.php on line 14
[19-Mar-2024 16:59:15 UTC] PHP Deprecated:  Hook http_api_transports is deprecated since version 6.4.0 with no alternative available. in /wordpress/wp-includes/functions.php on line 140
[19-Mar-2024 16:59:22 UTC] PHP Deprecated:  Hook http_api_transports is deprecated since version 6.4.0 with no alternative available. in /wordpress/wp-includes/functions.php on line 140
[19-Mar-2024 17:00:21 UTC] PHP Warning:  file_get_contents(/wordpress/wp-includes/css/classic-themes.min.css): Failed to open stream: No such file or directory in /wordpress/wp-includes/script-loader.php on line 14
[19-Mar-2024 17:00:33 UTC] PHP Warning:  file_get_contents(/wordpress/wp-includes/css/classic-themes.min.css): Failed to open stream: No such file or directory in /wordpress/wp-includes/script-loader.php on line 14
[19-Mar-2024 17:00:36 UTC] PHP Warning:  file_get_contents(/wordpress/wp-includes/css/classic-themes.min.css): Failed to open stream: No such file or directory in /wordpress/wp-includes/script-loader.php on line 14
[19-Mar-2024 17:00:50 UTC] PHP Warning:  file_get_contents(/wordpress/wp-includes/css/classic-themes.min.css): Failed to open stream: No such file or directory in /wordpress/wp-includes/script-loader.php on line 14
[19-Mar-2024 17:00:58 UTC] PHP Warning:  file_get_contents(/wordpress/wp-includes/css/classic-themes.min.css): Failed to open stream: No such file or directory in /wordpress/wp-includes/script-loader.php on line 14
[19-Mar-2024 17:01:17 UTC] PHP Warning:  file_get_contents(/wordpress/wp-includes/css/classic-themes.min.css): Failed to open stream: No such file or directory in /wordpress/wp-includes/script-loader.php on line 14
[19-Mar-2024 17:01:53 UTC] PHP Warning:  file_get_contents(/wordpress/wp-includes/css/classic-themes.min.css): Failed to open stream: No such file or directory in /wordpress/wp-includes/script-loader.php on line 14
[19-Mar-2024 17:04:24 UTC] PHP Warning:  file_get_contents(/wordpress/wp-includes/css/classic-themes.min.css): Failed to open stream: No such file or directory in /wordpress/wp-includes/script-loader.php on line 14
[19-Mar-2024 17:06:07 UTC] PHP Warning:  file_get_contents(/wordpress/wp-includes/css/classic-themes.min.css): Failed to open stream: No such file or directory in /wordpress/wp-includes/script-loader.php on line 14
[19-Mar-2024 17:08:08 UTC] PHP Warning:  file_get_contents(/wordpress/wp-includes/css/classic-themes.min.css): Failed to open stream: No such file or directory in /wordpress/wp-includes/script-loader.php on line 14
[19-Mar-2024 17:09:43 UTC] PHP Warning:  file_get_contents(/wordpress/wp-includes/css/classic-themes.min.css): Failed to open stream: No such file or directory in /wordpress/wp-includes/script-loader.php on line 14
[19-Mar-2024 17:09:43 UTC] PHP Fatal error:  Out of memory (allocated 35651584) (tried to allocate 249856 bytes) in /wordpress/wp-includes/script-loader.php on line 14
[19-Mar-2024 17:15:08 UTC] PHP Warning:  file_get_contents(/wordpress/wp-includes/css/classic-themes.min.css): Failed to open stream: No such file or directory in /wordpress/wp-includes/script-loader.php on line 14
[19-Mar-2024 17:16:23 UTC] PHP Warning:  file_get_contents(/wordpress/wp-includes/css/classic-themes.min.css): Failed to open stream: No such file or directory in /wordpress/wp-includes/script-loader.php on line 14
[19-Mar-2024 17:16:29 UTC] PHP Warning:  file_get_contents(/wordpress/wp-includes/css/classic-themes.min.css): Failed to open stream: No such file or directory in /wordpress/wp-includes/script-loader.php on line 14
[19-Mar-2024 17:16:32 UTC] PHP Warning:  file_get_contents(/wordpress/wp-includes/css/classic-themes.min.css): Failed to open stream: No such file or directory in /wordpress/wp-includes/script-loader.php on line 14
[19-Mar-2024 17:17:19 UTC] PHP Deprecated:  Hook http_api_transports is deprecated since version 6.4.0 with no alternative available. in /wordpress/wp-includes/functions.php on line 140
[19-Mar-2024 17:17:32 UTC] PHP Deprecated:  Hook http_api_transports is deprecated since version 6.4.0 with no alternative available. in /wordpress/wp-includes/functions.php on line 140
[19-Mar-2024 17:17:51 UTC] PHP Warning:  file_get_contents(/wordpress/wp-includes/css/classic-themes.min.css): Failed to open stream: No such file or directory in /wordpress/wp-includes/script-loader.php on line 14
[19-Mar-2024 17:18:00 UTC] PHP Warning:  file_get_contents(/wordpress/wp-includes/css/classic-themes.min.css): Failed to open stream: No such file or directory in /wordpress/wp-includes/script-loader.php on line 14
[19-Mar-2024 17:18:14 UTC] PHP Warning:  file_get_contents(/wordpress/wp-includes/css/classic-themes.min.css): Failed to open stream: No such file or directory in /wordpress/wp-includes/script-loader.php on line 14
[19-Mar-2024 17:21:25 UTC] PHP Deprecated:  Hook http_api_transports is deprecated since version 6.4.0 with no alternative available. in /wordpress/wp-includes/functions.php on line 140
[19-Mar-2024 17:21:30 UTC] PHP Deprecated:  Hook http_api_transports is deprecated since version 6.4.0 with no alternative available. in /wordpress/wp-includes/functions.php on line 140
[19-Mar-2024 17:21:32 UTC] PHP Deprecated:  Hook http_api_transports is deprecated since version 6.4.0 with no alternative available. in /wordpress/wp-includes/functions.php on line 140
[19-Mar-2024 17:21:34 UTC] PHP Deprecated:  Hook http_api_transports is deprecated since version 6.4.0 with no alternative available. in /wordpress/wp-includes/functions.php on line 140
